app/build/intermediates/manifest_merge_blame_file/debug/manifest-merger-blame-debug-report.txt
1<?xml version="1.0" encoding="utf-8"?>
2<manifest xmlns:android="http://schemas.android.com/apk/res/android"
3    package="com.sut.smart_bin"
4    android:versionCode="1"
5    android:versionName="1.0" >
6
7    <uses-sdk
8        android:minSdkVersion="26"
8-->src\main\AndroidManifest.xml
9        android:targetSdkVersion="29" />
9-->src\main\AndroidManifest.xml
10
11    <uses-permission android:name="android.permission.INTERNET" />
11-->src\main\AndroidManifest.xml:6:5-67
11-->src\main\AndroidManifest.xml:6:22-64
12    <uses-permission android:name="android.permission.VIBRATE" />
12-->src\main\AndroidManifest.xml:7:5-66
12-->src\main\AndroidManifest.xml:7:22-63
13    <uses-permission android:name="android.permission.WRITE_EXTERNAL_STORAGE" />
13-->src\main\AndroidManifest.xml:8:5-81
13-->src\main\AndroidManifest.xml:8:22-78
14    <uses-permission android:name="android.permission.READ_EXTERNAL_STORAGE" />
14-->src\main\AndroidManifest.xml:9:5-80
14-->src\main\AndroidManifest.xml:9:22-77
15    <uses-permission android:name="android.permission.CAMERA" />
15-->src\main\AndroidManifest.xml:10:5-65
15-->src\main\AndroidManifest.xml:10:22-62
16    <uses-permission android:name="android.permission.VIBRATE" />
16-->src\main\AndroidManifest.xml:7:5-66
16-->src\main\AndroidManifest.xml:7:22-63
17    <uses-permission android:name="android.hardware.camera" />
17-->src\main\AndroidManifest.xml:12:5-63
17-->src\main\AndroidManifest.xml:12:22-60
18    <uses-permission android:name="android.permission.LOCATION_HARDWARE.autofocus" />
18-->src\main\AndroidManifest.xml:13:5-86
18-->src\main\AndroidManifest.xml:13:22-83
19    <uses-permission android:name="android.permission.ACCESS_NETWORK_STATE" />
19-->[com.firebaseui:firebase-ui-auth:4.3.1] AndroidManifest.xml:12:5-79
19-->[com.firebaseui:firebase-ui-auth:4.3.1] AndroidManifest.xml:12:22-76
20    <uses-permission android:name="android.permission.WAKE_LOCK" /> <!-- Required by older versions of Google Play services to create IID tokens -->
20-->[com.google.android.gms:play-services-measurement-api:17.2.1] AndroidManifest.xml:24:5-68
20-->[com.google.android.gms:play-services-measurement-api:17.2.1] AndroidManifest.xml:24:22-65
21    <uses-permission android:name="com.google.android.c2dm.permission.RECEIVE" />
21-->[com.google.firebase:firebase-iid:19.0.0] AndroidManifest.xml:26:5-82
21-->[com.google.firebase:firebase-iid:19.0.0] AndroidManifest.xml:26:22-79
22    <uses-permission android:name="com.google.android.finsky.permission.BIND_GET_INSTALL_REFERRER_SERVICE" />
22-->[com.google.android.gms:play-services-measurement:17.2.1] AndroidManifest.xml:26:5-110
22-->[com.google.android.gms:play-services-measurement:17.2.1] AndroidManifest.xml:26:22-107
23
24    <application
24-->src\main\AndroidManifest.xml:15:5-55:19
25        android:allowBackup="true"
25-->src\main\AndroidManifest.xml:16:9-35
26        android:appComponentFactory="androidx.core.app.CoreComponentFactory"
26-->[androidx.core:core:1.1.0] AndroidManifest.xml:24:18-86
27        android:debuggable="true"
28        android:icon="@mipmap/ic_launcher"
28-->src\main\AndroidManifest.xml:17:9-43
29        android:label="@string/app_name"
29-->src\main\AndroidManifest.xml:18:9-41
30        android:roundIcon="@mipmap/ic_launcher_round"
30-->src\main\AndroidManifest.xml:19:9-54
31        android:supportsRtl="true"
31-->src\main\AndroidManifest.xml:20:9-35
32        android:testOnly="true"
33        android:theme="@style/AppTheme" >
33-->src\main\AndroidManifest.xml:21:9-40
34        <activity android:name="com.sut.smart_bin.ContinueTrashActivity" />
34-->src\main\AndroidManifest.xml:22:9-68
34-->src\main\AndroidManifest.xml:22:19-56
35        <activity android:name="com.sut.smart_bin.ScannerActivity" />
35-->src\main\AndroidManifest.xml:23:9-53
35-->src\main\AndroidManifest.xml:23:19-50
36        <activity android:name="com.sut.smart_bin.ProfileActivity" />
36-->src\main\AndroidManifest.xml:24:9-53
36-->src\main\AndroidManifest.xml:24:19-50
37        <activity android:name="com.sut.smart_bin.LoginActivity" >
37-->src\main\AndroidManifest.xml:25:9-31:20
37-->src\main\AndroidManifest.xml:25:19-48
38            <intent-filter>
38-->src\main\AndroidManifest.xml:26:13-30:29
39                <action android:name="android.intent.action.MAIN" />
39-->src\main\AndroidManifest.xml:27:17-69
39-->src\main\AndroidManifest.xml:27:25-66
40
41                <category android:name="android.intent.category.LAUNCHER" />
41-->src\main\AndroidManifest.xml:29:17-77
41-->src\main\AndroidManifest.xml:29:27-74
42            </intent-filter>
43        </activity>
44        <activity android:name="com.sut.smart_bin.MainActivity" />
44-->src\main\AndroidManifest.xml:32:9-50
44-->src\main\AndroidManifest.xml:32:19-47
45
46        <meta-data
46-->src\main\AndroidManifest.xml:34:9-37:45
47            android:name="com.facebook.sdk.ApplicationId"
47-->src\main\AndroidManifest.xml:35:13-58
48            android:value="@string/facebook_app_id" />
48-->src\main\AndroidManifest.xml:36:13-52
49
50        <activity
50-->src\main\AndroidManifest.xml:39:9-42:48
51            android:name="com.facebook.FacebookActivity"
51-->src\main\AndroidManifest.xml:40:13-57
52            android:configChanges="keyboard|keyboardHidden|screenLayout|screenSize|orientation"
52-->src\main\AndroidManifest.xml:41:13-96
53            android:label="@string/app_name"
53-->src\main\AndroidManifest.xml:42:13-45
54            android:theme="@style/com_facebook_activity_theme" />
54-->[com.facebook.android:facebook-common:5.0.0] AndroidManifest.xml:32:13-63
55        <activity
55-->src\main\AndroidManifest.xml:43:9-54:20
56            android:name="com.facebook.CustomTabActivity"
56-->src\main\AndroidManifest.xml:44:13-58
57            android:exported="true" >
57-->src\main\AndroidManifest.xml:45:13-36
58            <intent-filter>
58-->src\main\AndroidManifest.xml:46:13-53:29
59                <action android:name="android.intent.action.VIEW" />
59-->src\main\AndroidManifest.xml:47:17-69
59-->src\main\AndroidManifest.xml:47:25-66
60
61                <category android:name="android.intent.category.DEFAULT" />
61-->src\main\AndroidManifest.xml:49:17-76
61-->src\main\AndroidManifest.xml:49:27-73
62                <category android:name="android.intent.category.BROWSABLE" />
62-->src\main\AndroidManifest.xml:50:17-78
62-->src\main\AndroidManifest.xml:50:27-75
63
64                <data android:scheme="@string/fb_login_protocol_scheme" />
64-->src\main\AndroidManifest.xml:52:17-75
64-->src\main\AndroidManifest.xml:52:23-72
65            </intent-filter>
66            <intent-filter>
66-->[com.firebaseui:firebase-ui-auth:4.3.1] AndroidManifest.xml:92:13-99:29
67                <action android:name="android.intent.action.VIEW" />
67-->src\main\AndroidManifest.xml:47:17-69
67-->src\main\AndroidManifest.xml:47:25-66
68
69                <category android:name="android.intent.category.DEFAULT" />
69-->src\main\AndroidManifest.xml:49:17-76
69-->src\main\AndroidManifest.xml:49:27-73
70                <category android:name="android.intent.category.BROWSABLE" />
70-->src\main\AndroidManifest.xml:50:17-78
70-->src\main\AndroidManifest.xml:50:27-75
71
72                <data android:scheme="@string/facebook_login_protocol_scheme" />
72-->src\main\AndroidManifest.xml:52:17-75
72-->src\main\AndroidManifest.xml:52:23-72
73            </intent-filter>
74        </activity>
75
76        <meta-data
76-->[com.firebaseui:firebase-ui-auth:4.3.1] AndroidManifest.xml:16:9-18:69
77            android:name="com.google.android.gms.version"
77-->[com.firebaseui:firebase-ui-auth:4.3.1] AndroidManifest.xml:17:13-58
78            android:value="@integer/google_play_services_version" />
78-->[com.firebaseui:firebase-ui-auth:4.3.1] AndroidManifest.xml:18:13-66
79
80        <activity
80-->[com.firebaseui:firebase-ui-auth:4.3.1] AndroidManifest.xml:23:9-27:61
81            android:name="com.firebase.ui.auth.KickoffActivity"
81-->[com.firebaseui:firebase-ui-auth:4.3.1] AndroidManifest.xml:24:13-64
82            android:exported="false"
82-->[com.firebaseui:firebase-ui-auth:4.3.1] AndroidManifest.xml:25:13-37
83            android:label=""
83-->[com.firebaseui:firebase-ui-auth:4.3.1] AndroidManifest.xml:26:13-29
84            android:theme="@style/FirebaseUI.Transparent" />
84-->[com.firebaseui:firebase-ui-auth:4.3.1] AndroidManifest.xml:27:13-58
85        <activity
85-->[com.firebaseui:firebase-ui-auth:4.3.1] AndroidManifest.xml:28:9-32:61
86            android:name="com.firebase.ui.auth.ui.idp.SingleSignInActivity"
86-->[com.firebaseui:firebase-ui-auth:4.3.1] AndroidManifest.xml:29:13-76
87            android:exported="false"
87-->[com.firebaseui:firebase-ui-auth:4.3.1] AndroidManifest.xml:30:13-37
88            android:label=""
88-->[com.firebaseui:firebase-ui-auth:4.3.1] AndroidManifest.xml:31:13-29
89            android:theme="@style/FirebaseUI.Transparent" />
89-->[com.firebaseui:firebase-ui-auth:4.3.1] AndroidManifest.xml:32:13-58
90        <activity
90-->[com.firebaseui:firebase-ui-auth:4.3.1] AndroidManifest.xml:33:9-37:61
91            android:name="com.firebase.ui.auth.ui.credentials.CredentialSaveActivity"
91-->[com.firebaseui:firebase-ui-auth:4.3.1] AndroidManifest.xml:34:13-86
92            android:exported="false"
92-->[com.firebaseui:firebase-ui-auth:4.3.1] AndroidManifest.xml:35:13-37
93            android:label=""
93-->[com.firebaseui:firebase-ui-auth:4.3.1] AndroidManifest.xml:36:13-29
94            android:theme="@style/FirebaseUI.Transparent" />
94-->[com.firebaseui:firebase-ui-auth:4.3.1] AndroidManifest.xml:37:13-58
95        <activity
95-->[com.firebaseui:firebase-ui-auth:4.3.1] AndroidManifest.xml:38:9-42:58
96            android:name="com.firebase.ui.auth.ui.email.RecoverPasswordActivity"
96-->[com.firebaseui:firebase-ui-auth:4.3.1] AndroidManifest.xml:39:13-81
97            android:exported="false"
97-->[com.firebaseui:firebase-ui-auth:4.3.1] AndroidManifest.xml:40:13-37
98            android:label="@string/fui_title_recover_password_activity"
98-->[com.firebaseui:firebase-ui-auth:4.3.1] AndroidManifest.xml:41:13-72
99            android:windowSoftInputMode="adjustResize" />
99-->[com.firebaseui:firebase-ui-auth:4.3.1] AndroidManifest.xml:42:13-55
100        <activity
100-->[com.firebaseui:firebase-ui-auth:4.3.1] AndroidManifest.xml:43:9-47:58
101            android:name="com.firebase.ui.auth.ui.email.EmailActivity"
101-->[com.firebaseui:firebase-ui-auth:4.3.1] AndroidManifest.xml:44:13-71
102            android:exported="false"
102-->[com.firebaseui:firebase-ui-auth:4.3.1] AndroidManifest.xml:45:13-37
103            android:label="@string/fui_sign_in_default"
103-->[com.firebaseui:firebase-ui-auth:4.3.1] AndroidManifest.xml:46:13-56
104            android:windowSoftInputMode="adjustResize" />
104-->[com.firebaseui:firebase-ui-auth:4.3.1] AndroidManifest.xml:47:13-55
105        <activity
105-->[com.firebaseui:firebase-ui-auth:4.3.1] AndroidManifest.xml:48:9-52:77
106            android:name="com.firebase.ui.auth.ui.phone.PhoneActivity"
106-->[com.firebaseui:firebase-ui-auth:4.3.1] AndroidManifest.xml:49:13-71
107            android:exported="false"
107-->[com.firebaseui:firebase-ui-auth:4.3.1] AndroidManifest.xml:50:13-37
108            android:label="@string/fui_sign_in_with_phone_number"
108-->[com.firebaseui:firebase-ui-auth:4.3.1] AndroidManifest.xml:51:13-66
109            android:windowSoftInputMode="adjustResize|stateAlwaysVisible" />
109-->[com.firebaseui:firebase-ui-auth:4.3.1] AndroidManifest.xml:52:13-74
110        <activity
110-->[com.firebaseui:firebase-ui-auth:4.3.1] AndroidManifest.xml:53:9-57:58
111            android:name="com.firebase.ui.auth.ui.idp.WelcomeBackIdpPrompt"
111-->[com.firebaseui:firebase-ui-auth:4.3.1] AndroidManifest.xml:54:13-76
112            android:exported="false"
112-->[com.firebaseui:firebase-ui-auth:4.3.1] AndroidManifest.xml:55:13-37
113            android:label="@string/fui_title_welcome_back_idp_prompt"
113-->[com.firebaseui:firebase-ui-auth:4.3.1] AndroidManifest.xml:56:13-70
114            android:windowSoftInputMode="adjustResize" />
114-->[com.firebaseui:firebase-ui-auth:4.3.1] AndroidManifest.xml:57:13-55
115        <activity
115-->[com.firebaseui:firebase-ui-auth:4.3.1] AndroidManifest.xml:58:9-62:58
116            android:name="com.firebase.ui.auth.ui.email.WelcomeBackPasswordPrompt"
116-->[com.firebaseui:firebase-ui-auth:4.3.1] AndroidManifest.xml:59:13-83
117            android:exported="false"
117-->[com.firebaseui:firebase-ui-auth:4.3.1] AndroidManifest.xml:60:13-37
118            android:label="@string/fui_title_welcome_back_password_prompt"
118-->[com.firebaseui:firebase-ui-auth:4.3.1] AndroidManifest.xml:61:13-75
119            android:windowSoftInputMode="adjustResize" />
119-->[com.firebaseui:firebase-ui-auth:4.3.1] AndroidManifest.xml:62:13-55
120        <activity
120-->[com.firebaseui:firebase-ui-auth:4.3.1] AndroidManifest.xml:63:9-67:58
121            android:name="com.firebase.ui.auth.ui.email.WelcomeBackEmailLinkPrompt"
121-->[com.firebaseui:firebase-ui-auth:4.3.1] AndroidManifest.xml:64:13-84
122            android:exported="false"
122-->[com.firebaseui:firebase-ui-auth:4.3.1] AndroidManifest.xml:65:13-37
123            android:label="@string/fui_title_welcome_back_password_prompt"
123-->[com.firebaseui:firebase-ui-auth:4.3.1] AndroidManifest.xml:66:13-75
124            android:windowSoftInputMode="adjustResize" />
124-->[com.firebaseui:firebase-ui-auth:4.3.1] AndroidManifest.xml:67:13-55
125        <activity
125-->[com.firebaseui:firebase-ui-auth:4.3.1] AndroidManifest.xml:68:9-73:58
126            android:name="com.firebase.ui.auth.ui.email.EmailLinkCatcherActivity"
126-->[com.firebaseui:firebase-ui-auth:4.3.1] AndroidManifest.xml:69:13-82
127            android:exported="false"
127-->[com.firebaseui:firebase-ui-auth:4.3.1] AndroidManifest.xml:70:13-37
128            android:label=""
128-->[com.firebaseui:firebase-ui-auth:4.3.1] AndroidManifest.xml:71:13-29
129            android:theme="@style/FirebaseUI.Transparent"
129-->[com.firebaseui:firebase-ui-auth:4.3.1] AndroidManifest.xml:72:13-58
130            android:windowSoftInputMode="adjustResize" />
130-->[com.firebaseui:firebase-ui-auth:4.3.1] AndroidManifest.xml:73:13-55
131        <activity
131-->[com.firebaseui:firebase-ui-auth:4.3.1] AndroidManifest.xml:74:9-78:58
132            android:name="com.firebase.ui.auth.ui.email.EmailLinkErrorRecoveryActivity"
132-->[com.firebaseui:firebase-ui-auth:4.3.1] AndroidManifest.xml:75:13-88
133            android:exported="false"
133-->[com.firebaseui:firebase-ui-auth:4.3.1] AndroidManifest.xml:76:13-37
134            android:label="@string/fui_sign_in_default"
134-->[com.firebaseui:firebase-ui-auth:4.3.1] AndroidManifest.xml:77:13-56
135            android:windowSoftInputMode="adjustResize" />
135-->[com.firebaseui:firebase-ui-auth:4.3.1] AndroidManifest.xml:78:13-55
136        <activity
136-->[com.firebaseui:firebase-ui-auth:4.3.1] AndroidManifest.xml:79:9-82:65
137            android:name="com.firebase.ui.auth.ui.idp.AuthMethodPickerActivity"
137-->[com.firebaseui:firebase-ui-auth:4.3.1] AndroidManifest.xml:80:13-80
138            android:exported="false"
138-->[com.firebaseui:firebase-ui-auth:4.3.1] AndroidManifest.xml:81:13-37
139            android:label="@string/fui_default_toolbar_title" />
139-->[com.firebaseui:firebase-ui-auth:4.3.1] AndroidManifest.xml:82:13-62
140
141        <provider
141-->[com.firebaseui:firebase-ui-auth:4.3.1] AndroidManifest.xml:102:9-106:38
142            android:name="com.firebase.ui.auth.data.client.AuthUiInitProvider"
142-->[com.firebaseui:firebase-ui-auth:4.3.1] AndroidManifest.xml:103:13-79
143            android:authorities="com.sut.smart_bin.authuiinitprovider"
143-->[com.firebaseui:firebase-ui-auth:4.3.1] AndroidManifest.xml:104:13-70
144            android:exported="false"
144-->[com.firebaseui:firebase-ui-auth:4.3.1] AndroidManifest.xml:105:13-37
145            android:initOrder="90" />
145-->[com.firebaseui:firebase-ui-auth:4.3.1] AndroidManifest.xml:106:13-35
146
147        <activity android:name="com.facebook.CustomTabMainActivity" />
147-->[com.facebook.android:facebook-common:5.0.0] AndroidManifest.xml:33:9-71
147-->[com.facebook.android:facebook-common:5.0.0] AndroidManifest.xml:33:19-68
148        <activity
148-->[com.google.firebase:firebase-auth:19.2.0] AndroidManifest.xml:24:9-31:50
149            android:name="com.google.firebase.auth.internal.FederatedSignInActivity"
149-->[com.google.firebase:firebase-auth:19.2.0] AndroidManifest.xml:25:13-85
150            android:excludeFromRecents="true"
150-->[com.google.firebase:firebase-auth:19.2.0] AndroidManifest.xml:26:13-46
151            android:exported="true"
151-->[com.google.firebase:firebase-auth:19.2.0] AndroidManifest.xml:27:13-36
152            android:launchMode="singleTask"
152-->[com.google.firebase:firebase-auth:19.2.0] AndroidManifest.xml:28:13-44
153            android:permission="com.google.firebase.auth.api.gms.permission.LAUNCH_FEDERATED_SIGN_IN"
153-->[com.google.firebase:firebase-auth:19.2.0] AndroidManifest.xml:29:13-102
154            android:theme="@android:style/Theme.Translucent.NoTitleBar" />
154-->[com.google.firebase:firebase-auth:19.2.0] AndroidManifest.xml:30:13-72
155
156        <service
156-->[com.google.firebase:firebase-auth:19.2.0] AndroidManifest.xml:33:9-39:19
157            android:name="com.google.firebase.components.ComponentDiscoveryService"
157-->[com.google.firebase:firebase-auth:19.2.0] AndroidManifest.xml:34:13-84
158            android:directBootAware="true"
158-->[com.google.firebase:firebase-common:19.3.0] AndroidManifest.xml:34:13-43
159            android:exported="false" >
159-->[com.google.firebase:firebase-auth:19.2.0] AndroidManifest.xml:35:13-37
160            <meta-data
160-->[com.google.firebase:firebase-auth:19.2.0] AndroidManifest.xml:36:13-38:85
161                android:name="com.google.firebase.components:com.google.firebase.auth.FirebaseAuthRegistrar"
161-->[com.google.firebase:firebase-auth:19.2.0] AndroidManifest.xml:37:17-109
162                android:value="com.google.firebase.components.ComponentRegistrar" />
162-->[com.google.firebase:firebase-auth:19.2.0] AndroidManifest.xml:38:17-82
163            <meta-data
163-->[com.google.firebase:firebase-firestore:21.4.0] AndroidManifest.xml:20:13-22:85
164                android:name="com.google.firebase.components:com.google.firebase.firestore.FirestoreRegistrar"
164-->[com.google.firebase:firebase-firestore:21.4.0] AndroidManifest.xml:21:17-111
165                android:value="com.google.firebase.components.ComponentRegistrar" />
165-->[com.google.firebase:firebase-firestore:21.4.0] AndroidManifest.xml:22:17-82
166            <meta-data
166-->[com.google.android.gms:play-services-measurement-api:17.2.1] AndroidManifest.xml:30:13-32:85
167                android:name="com.google.firebase.components:com.google.firebase.analytics.connector.internal.AnalyticsConnectorRegistrar"
167-->[com.google.android.gms:play-services-measurement-api:17.2.1] AndroidManifest.xml:31:17-139
168                android:value="com.google.firebase.components.ComponentRegistrar" />
168-->[com.google.android.gms:play-services-measurement-api:17.2.1] AndroidManifest.xml:32:17-82
169            <meta-data
169-->[com.google.firebase:firebase-iid:19.0.0] AndroidManifest.xml:32:13-34:85
170                android:name="com.google.firebase.components:com.google.firebase.iid.Registrar"
170-->[com.google.firebase:firebase-iid:19.0.0] AndroidManifest.xml:33:17-96
171                android:value="com.google.firebase.components.ComponentRegistrar" />
171-->[com.google.firebase:firebase-iid:19.0.0] AndroidManifest.xml:34:17-82
172        </service>
173
174        <activity
174-->[com.google.android.gms:play-services-auth:17.0.0] AndroidManifest.xml:23:9-27:75
175            android:name="com.google.android.gms.auth.api.signin.internal.SignInHubActivity"
175-->[com.google.android.gms:play-services-auth:17.0.0] AndroidManifest.xml:24:13-93
176            android:excludeFromRecents="true"
176-->[com.google.android.gms:play-services-auth:17.0.0] AndroidManifest.xml:25:13-46
177            android:exported="false"
177-->[com.google.android.gms:play-services-auth:17.0.0] AndroidManifest.xml:26:13-37
178            android:theme="@android:style/Theme.Translucent.NoTitleBar" />
178-->[com.google.android.gms:play-services-auth:17.0.0] AndroidManifest.xml:27:13-72
179        <!--
180            Service handling Google Sign-In user revocation. For apps that do not integrate with
181            Google Sign-In, this service will never be started.
182        -->
183        <service
183-->[com.google.android.gms:play-services-auth:17.0.0] AndroidManifest.xml:33:9-36:110
184            android:name="com.google.android.gms.auth.api.signin.RevocationBoundService"
184-->[com.google.android.gms:play-services-auth:17.0.0] AndroidManifest.xml:34:13-89
185            android:exported="true"
185-->[com.google.android.gms:play-services-auth:17.0.0] AndroidManifest.xml:35:13-36
186            android:permission="com.google.android.gms.auth.api.signin.permission.REVOCATION_NOTIFICATION" />
186-->[com.google.android.gms:play-services-auth:17.0.0] AndroidManifest.xml:36:13-107
187
188        <receiver
188-->[com.google.firebase:firebase-iid:19.0.0] AndroidManifest.xml:37:9-44:20
189            android:name="com.google.firebase.iid.FirebaseInstanceIdReceiver"
189-->[com.google.firebase:firebase-iid:19.0.0] AndroidManifest.xml:38:13-78
190            android:exported="true"
190-->[com.google.firebase:firebase-iid:19.0.0] AndroidManifest.xml:39:13-36
191            android:permission="com.google.android.c2dm.permission.SEND" >
191-->[com.google.firebase:firebase-iid:19.0.0] AndroidManifest.xml:40:13-73
192            <intent-filter>
192-->[com.google.firebase:firebase-iid:19.0.0] AndroidManifest.xml:41:13-43:29
193                <action android:name="com.google.android.c2dm.intent.RECEIVE" />
193-->[com.google.firebase:firebase-iid:19.0.0] AndroidManifest.xml:42:17-81
193-->[com.google.firebase:firebase-iid:19.0.0] AndroidManifest.xml:42:25-78
194            </intent-filter>
195        </receiver>
196
197        <activity
197-->[com.google.android.gms:play-services-base:17.1.0] AndroidManifest.xml:23:9-26:75
198            android:name="com.google.android.gms.common.api.GoogleApiActivity"
198-->[com.google.android.gms:play-services-base:17.1.0] AndroidManifest.xml:24:13-79
199            android:exported="false"
199-->[com.google.android.gms:play-services-base:17.1.0] AndroidManifest.xml:25:13-37
200            android:theme="@android:style/Theme.Translucent.NoTitleBar" />
200-->[com.google.android.gms:play-services-base:17.1.0] AndroidManifest.xml:26:13-72
201
202        <provider
202-->[com.google.firebase:firebase-common:19.3.0] AndroidManifest.xml:26:9-30:39
203            android:name="com.google.firebase.provider.FirebaseInitProvider"
203-->[com.google.firebase:firebase-common:19.3.0] AndroidManifest.xml:27:13-77
204            android:authorities="com.sut.smart_bin.firebaseinitprovider"
204-->[com.google.firebase:firebase-common:19.3.0] AndroidManifest.xml:28:13-72
205            android:exported="false"
205-->[com.google.firebase:firebase-common:19.3.0] AndroidManifest.xml:29:13-37
206            android:initOrder="100" />
206-->[com.google.firebase:firebase-common:19.3.0] AndroidManifest.xml:30:13-36
207
208        <receiver
208-->[com.google.android.gms:play-services-measurement:17.2.1] AndroidManifest.xml:29:9-33:20
209            android:name="com.google.android.gms.measurement.AppMeasurementReceiver"
209-->[com.google.android.gms:play-services-measurement:17.2.1] AndroidManifest.xml:30:13-85
210            android:enabled="true"
210-->[com.google.android.gms:play-services-measurement:17.2.1] AndroidManifest.xml:31:13-35
211            android:exported="false" >
211-->[com.google.android.gms:play-services-measurement:17.2.1] AndroidManifest.xml:32:13-37
212        </receiver>
213        <receiver
213-->[com.google.android.gms:play-services-measurement:17.2.1] AndroidManifest.xml:34:9-42:20
214            android:name="com.google.android.gms.measurement.AppMeasurementInstallReferrerReceiver"
214-->[com.google.android.gms:play-services-measurement:17.2.1] AndroidManifest.xml:35:13-100
215            android:enabled="true"
215-->[com.google.android.gms:play-services-measurement:17.2.1] AndroidManifest.xml:36:13-35
216            android:exported="true"
216-->[com.google.android.gms:play-services-measurement:17.2.1] AndroidManifest.xml:37:13-36
217            android:permission="android.permission.INSTALL_PACKAGES" >
217-->[com.google.android.gms:play-services-measurement:17.2.1] AndroidManifest.xml:38:13-69
218            <intent-filter>
218-->[com.google.android.gms:play-services-measurement:17.2.1] AndroidManifest.xml:39:13-41:29
219                <action android:name="com.android.vending.INSTALL_REFERRER" />
219-->[com.google.android.gms:play-services-measurement:17.2.1] AndroidManifest.xml:40:17-79
219-->[com.google.android.gms:play-services-measurement:17.2.1] AndroidManifest.xml:40:25-76
220            </intent-filter>
221        </receiver>
222
223        <service
223-->[com.google.android.gms:play-services-measurement:17.2.1] AndroidManifest.xml:44:9-47:40
224            android:name="com.google.android.gms.measurement.AppMeasurementService"
224-->[com.google.android.gms:play-services-measurement:17.2.1] AndroidManifest.xml:45:13-84
225            android:enabled="true"
225-->[com.google.android.gms:play-services-measurement:17.2.1] AndroidManifest.xml:46:13-35
226            android:exported="false" />
226-->[com.google.android.gms:play-services-measurement:17.2.1] AndroidManifest.xml:47:13-37
227        <service
227-->[com.google.android.gms:play-services-measurement:17.2.1] AndroidManifest.xml:48:9-52:72
228            android:name="com.google.android.gms.measurement.AppMeasurementJobService"
228-->[com.google.android.gms:play-services-measurement:17.2.1] AndroidManifest.xml:49:13-87
229            android:enabled="true"
229-->[com.google.android.gms:play-services-measurement:17.2.1] AndroidManifest.xml:50:13-35
230            android:exported="false"
230-->[com.google.android.gms:play-services-measurement:17.2.1] AndroidManifest.xml:51:13-37
231            android:permission="android.permission.BIND_JOB_SERVICE" />
231-->[com.google.android.gms:play-services-measurement:17.2.1] AndroidManifest.xml:52:13-69
232        <!--
233         The initialization ContentProvider will call FacebookSdk.sdkInitialize automatically
234         with the application context. This config is merged in with the host app's manifest,
235         but there can only be one provider with the same authority activated at any given
236         point; so if the end user has two or more different apps that use Facebook SDK, only the
237         first one will be able to use the provider. To work around this problem, we use the
238         following placeholder in the authority to identify each host application as if it was
239         a completely different provider.
240        -->
241        <provider
241-->[com.facebook.android:facebook-core:5.0.0] AndroidManifest.xml:39:9-42:40
242            android:name="com.facebook.internal.FacebookInitProvider"
242-->[com.facebook.android:facebook-core:5.0.0] AndroidManifest.xml:40:13-70
243            android:authorities="com.sut.smart_bin.FacebookInitProvider"
243-->[com.facebook.android:facebook-core:5.0.0] AndroidManifest.xml:41:13-72
244            android:exported="false" />
244-->[com.facebook.android:facebook-core:5.0.0] AndroidManifest.xml:42:13-37
245
246        <receiver
246-->[com.facebook.android:facebook-core:5.0.0] AndroidManifest.xml:44:9-50:20
247            android:name="com.facebook.CurrentAccessTokenExpirationBroadcastReceiver"
247-->[com.facebook.android:facebook-core:5.0.0] AndroidManifest.xml:45:13-86
248            android:exported="false" >
248-->[com.facebook.android:facebook-core:5.0.0] AndroidManifest.xml:46:13-37
249            <intent-filter>
249-->[com.facebook.android:facebook-core:5.0.0] AndroidManifest.xml:47:13-49:29
250                <action android:name="com.facebook.sdk.ACTION_CURRENT_ACCESS_TOKEN_CHANGED" />
250-->[com.facebook.android:facebook-core:5.0.0] AndroidManifest.xml:48:17-95
250-->[com.facebook.android:facebook-core:5.0.0] AndroidManifest.xml:48:25-92
251            </intent-filter>
252        </receiver>
253
254        <provider
254-->[androidx.lifecycle:lifecycle-process:2.0.0] AndroidManifest.xml:23:9-27:43
255            android:name="androidx.lifecycle.ProcessLifecycleOwnerInitializer"
255-->[androidx.lifecycle:lifecycle-process:2.0.0] AndroidManifest.xml:24:13-79
256            android:authorities="com.sut.smart_bin.lifecycle-process"
256-->[androidx.lifecycle:lifecycle-process:2.0.0] AndroidManifest.xml:25:13-69
257            android:exported="false"
257-->[androidx.lifecycle:lifecycle-process:2.0.0] AndroidManifest.xml:26:13-37
258            android:multiprocess="true" />
258-->[androidx.lifecycle:lifecycle-process:2.0.0] AndroidManifest.xml:27:13-40
259    </application>
260
261</manifest>